<?xml version="1.0" encoding="UTF-8"?>
<!-- Generated by org.testng.reporters.JUnitReportReporter -->
<testsuite hostname="LAPTOP-JF1LPCQE" failures="0" tests="1" name="scripts.DemoTest" time="0.020" errors="0" timestamp="2025-07-22T15:00:18 IST" skipped="0">
  <testcase classname="scripts.DemoTest" name="logTerms" time="0.020"/>
  <system-out>
    <![CDATA[Helps to retrieve the data]]>
  </system-out>
</testsuite> <!-- scripts.DemoTest -->
