<?xml version="1.0" encoding="UTF-8"?>
<!-- Generated by org.testng.reporters.JUnitReportReporter -->
<testsuite hostname="LAPTOP-JF1LPCQE" failures="0" tests="8" name="scripts.OrangehrmLogin" time="27.924" errors="0" timestamp="2025-07-15T22:21:35 IST" skipped="0">
  <testcase classname="scripts.OrangehrmLogin" name="loginScript" time="3.481"/>
  <system-out/>
  <testcase classname="scripts.OrangehrmLogin" name="loginScript" time="3.471"/>
  <system-out/>
  <testcase classname="scripts.OrangehrmLogin" name="loginScript" time="3.447"/>
  <system-out/>
  <testcase classname="scripts.OrangehrmLogin" name="loginScript" time="3.376"/>
  <system-out/>
  <testcase classname="scripts.OrangehrmLogin" name="loginScript" time="3.409"/>
  <system-out/>
  <testcase classname="scripts.OrangehrmLogin" name="loginScript" time="3.519"/>
  <system-out/>
  <testcase classname="scripts.OrangehrmLogin" name="loginScript" time="3.655"/>
  <system-out/>
  <testcase classname="scripts.OrangehrmLogin" name="loginScript" time="3.566"/>
  <system-out/>
</testsuite> <!-- scripts.OrangehrmLogin -->
